<?xml version="1.0" encoding="UTF-8"?>
<!-- Generated by org.testng.reporters.JUnitReportReporter -->
<testsuite skipped="0" hostname="DESKTOP-MJ3ICVM" name="org.test.Amazon" tests="1" failures="0" timestamp="07 Nov 2022 09:07:52 GMT" time="11.986" errors="0">
  <testcase name="One" time="11.986" classname="org.test.Amazon"/>
</testsuite> <!-- org.test.Amazon -->
