<?xml version="1.0" encoding="UTF-8"?>
<!-- Generated by org.testng.reporters.JUnitReportReporter -->
<testsuite skipped="0" hostname="DESKTOP-MJ3ICVM" name="org.test.Enableconcept" tests="1" failures="0" timestamp="01 Dec 2022 13:56:22 GMT" time="14.964" errors="0">
  <testcase name="One" time="14.964" classname="org.test.Enableconcept"/>
</testsuite> <!-- org.test.Enableconcept -->
