<?xml version="1.0" encoding="UTF-8"?>
<!-- Generated by org.testng.reporters.JUnitReportReporter -->
<testsuite skipped="0" hostname="DESKTOP-MJ3ICVM" name="org.redbus.Bus" tests="1" failures="0" timestamp="18 Mar 2023 08:33:23 GMT" time="15.201" errors="0">
  <testcase name="One" time="15.201" classname="org.redbus.Bus"/>
</testsuite> <!-- org.redbus.Bus -->
