<?xml version="1.0" encoding="UTF-8"?>
<!-- Generated by org.testng.reporters.JUnitReportReporter -->
<testsuite skipped="0" hostname="DESKTOP-MJ3ICVM" name="org.redbus.Youtube" tests="1" failures="0" timestamp="18 Nov 2022 16:44:17 GMT" time="17.685" errors="0">
  <testcase name="One" time="17.685" classname="org.redbus.Youtube"/>
</testsuite> <!-- org.redbus.Youtube -->
