<?xml version="1.0" encoding="UTF-8"?>
<!-- Generated by org.testng.reporters.JUnitReportReporter -->
<testsuite skipped="0" hostname="DESKTOP-MJ3ICVM" name="org.redbus.Newselect" tests="1" failures="0" timestamp="17 Feb 2023 11:42:10 GMT" time="11.345" errors="0">
  <testcase name="One" time="11.345" classname="org.redbus.Newselect"/>
</testsuite> <!-- org.redbus.Newselect -->
