<?xml version="1.0" encoding="UTF-8"?>
<!-- Generated by org.testng.reporters.JUnitReportReporter -->
<testsuite skipped="0" hostname="DESKTOP-MJ3ICVM" name="rest.api.Postrequest" tests="1" failures="0" timestamp="26 Mar 2023 09:20:56 GMT" time="4.938" errors="0">
  <testcase name="postautomaation" time="4.938" classname="rest.api.Postrequest"/>
</testsuite> <!-- rest.api.Postrequest -->
