<?xml version="1.0" encoding="UTF-8"?>
<!-- Generated by org.testng.reporters.JUnitReportReporter -->
<testsuite skipped="0" hostname="DESKTOP-MJ3ICVM" name="org.pom.Testfacebooklogin" tests="1" failures="0" timestamp="07 Dec 2022 11:33:37 GMT" time="0.343" errors="0">
  <testcase name="loginoperation" time="0.343" classname="org.pom.Testfacebooklogin"/>
</testsuite> <!-- org.pom.Testfacebooklogin -->
