<?xml version="1.0" encoding="UTF-8"?>
<!-- Generated by org.testng.reporters.JUnitReportReporter -->
<testsuite skipped="0" hostname="DESKTOP-MJ3ICVM" name="org.redbus.WebTble" tests="1" failures="0" timestamp="30 May 2023 11:25:16 GMT" time="57.965" errors="0">
  <testcase name="One" time="57.965" classname="org.redbus.WebTble"/>
</testsuite> <!-- org.redbus.WebTble -->
