<?xml version="1.0" encoding="UTF-8"?>
<!-- Generated by org.testng.reporters.JUnitReportReporter -->
<testsuite skipped="0" hostname="DESKTOP-MJ3ICVM" name="org.Bus.Frames" tests="1" failures="0" timestamp="17 Mar 2023 09:03:34 GMT" time="21.928" errors="0">
  <testcase name="One" time="21.928" classname="org.Bus.Frames"/>
</testsuite> <!-- org.Bus.Frames -->
