<?xml version="1.0" encoding="UTF-8"?>
<!-- Generated by org.testng.reporters.JUnitReportReporter -->
<testsuite skipped="0" hostname="DESKTOP-MJ3ICVM" name="rest.api.Getrequest" tests="1" failures="0" timestamp="06 Jun 2023 13:39:15 GMT" time="5.014" errors="0">
  <testcase name="Getautomation" time="5.014" classname="rest.api.Getrequest"/>
</testsuite> <!-- rest.api.Getrequest -->
