<?xml version="1.0" encoding="UTF-8"?>
<!-- Generated by org.testng.reporters.JUnitReportReporter -->
<testsuite hostname="DESKTOP-MJ3ICVM" name="org.Bus.OTPlogin" tests="1" failures="0" timestamp="16 Jun 2023 09:14:18 GMT" time="24.423" errors="0">
  <testcase name="One" time="24.423" classname="org.Bus.OTPlogin"/>
</testsuite> <!-- org.Bus.OTPlogin -->
