<?xml version="1.0" encoding="UTF-8"?>
<!-- Generated by org.testng.reporters.JUnitReportReporter -->
<testsuite skipped="0" hostname="DESKTOP-MJ3ICVM" name="org.redbus.Flightbooking" tests="1" failures="0" timestamp="22 Nov 2022 09:15:15 GMT" time="30.676" errors="0">
  <testcase name="One" time="30.676" classname="org.redbus.Flightbooking"/>
</testsuite> <!-- org.redbus.Flightbooking -->
