<?xml version="1.0" encoding="UTF-8"?>
<!-- Generated by org.testng.reporters.JUnitReportReporter -->
<testsuite skipped="0" hostname="DESKTOP-MJ3ICVM" name="org.Bus.Captcha" tests="1" failures="0" timestamp="19 May 2023 07:33:45 GMT" time="24.839" errors="0">
  <testcase name="One" time="24.839" classname="org.Bus.Captcha"/>
</testsuite> <!-- org.Bus.Captcha -->
