<?xml version="1.0" encoding="UTF-8"?>
<!-- Generated by org.testng.reporters.JUnitReportReporter -->
<testsuite skipped="0" hostname="DESKTOP-MJ3ICVM" name="rest.api.Putrequest" tests="1" failures="0" timestamp="02 Mar 2023 11:57:37 GMT" time="5.096" errors="0">
  <testcase name="Putautomation" time="5.096" classname="rest.api.Putrequest"/>
</testsuite> <!-- rest.api.Putrequest -->
