<?xml version="1.0" encoding="UTF-8"?>
<!-- Generated by org.testng.reporters.JUnitReportReporter -->
<testsuite skipped="0" hostname="DESKTOP-MJ3ICVM" name="org.redbus.Dropdown" tests="1" failures="0" timestamp="20 Dec 2022 10:00:31 GMT" time="14.072" errors="0">
  <testcase name="One" time="14.072" classname="org.redbus.Dropdown"/>
</testsuite> <!-- org.redbus.Dropdown -->
