<?xml version="1.0" encoding="UTF-8"?>
<!-- Generated by org.testng.reporters.JUnitReportReporter -->
<testsuite skipped="0" hostname="DESKTOP-MJ3ICVM" name="rest.api.Deleterequest" tests="1" failures="0" timestamp="26 Mar 2023 09:24:03 GMT" time="4.833" errors="0">
  <testcase name="Deleteautomation" time="4.833" classname="rest.api.Deleterequest"/>
</testsuite> <!-- rest.api.Deleterequest -->
