<?xml version="1.0" encoding="UTF-8"?>
<!-- Generated by org.testng.reporters.JUnitReportReporter -->
<testsuite skipped="0" hostname="DESKTOP-MJ3ICVM" name="org.redbus.Swigy" tests="1" failures="0" timestamp="17 Feb 2023 11:18:17 GMT" time="41.087" errors="0">
  <testcase name="One" time="41.087" classname="org.redbus.Swigy"/>
</testsuite> <!-- org.redbus.Swigy -->
