<?xml version="1.0" encoding="UTF-8"?>
<!-- Generated by org.testng.reporters.JUnitReportReporter -->
<testsuite skipped="0" hostname="DESKTOP-MJ3ICVM" name="org.redbus.Facebooklogin" tests="1" failures="0" timestamp="09 Dec 2022 10:30:03 GMT" time="7.738" errors="0">
  <testcase name="One" time="7.738" classname="org.redbus.Facebooklogin"/>
</testsuite> <!-- org.redbus.Facebooklogin -->
