<?xml version="1.0" encoding="UTF-8"?>
<!-- Generated by org.testng.reporters.JUnitReportReporter -->
<testsuite skipped="0" hostname="DESKTOP-MJ3ICVM" name="org.Bus.Recaptcha" tests="1" failures="0" timestamp="30 May 2023 07:13:41 GMT" time="17.341" errors="0">
  <testcase name="One" time="17.341" classname="org.Bus.Recaptcha"/>
</testsuite> <!-- org.Bus.Recaptcha -->
