<?xml version="1.0" encoding="UTF-8"?>
<!-- Generated by org.testng.reporters.JUnitReportReporter -->
<testsuite skipped="0" hostname="DESKTOP-MJ3ICVM" name="org.Bus.Bookmyshow" tests="1" failures="0" timestamp="01 May 2023 07:36:47 GMT" time="17.402" errors="0">
  <testcase name="One" time="17.402" classname="org.Bus.Bookmyshow"/>
</testsuite> <!-- org.Bus.Bookmyshow -->
