<?xml version="1.0" encoding="UTF-8"?>
<!-- Generated by org.testng.reporters.JUnitReportReporter -->
<testsuite skipped="0" hostname="DESKTOP-MJ3ICVM" name="org.test.Automation" tests="1" failures="0" timestamp="07 Nov 2022 13:10:15 GMT" time="16.653" errors="0">
  <testcase name="Test1" time="16.653" classname="org.test.Automation"/>
</testsuite> <!-- org.test.Automation -->
