<?xml version="1.0" encoding="UTF-8"?>
<!-- Generated by org.testng.reporters.JUnitReportReporter -->
<testsuite skipped="0" hostname="DESKTOP-MJ3ICVM" name="restapi.Getrequest" tests="1" failures="0" timestamp="27 Feb 2023 11:18:04 GMT" time="4.531" errors="0">
  <testcase name="Getautomation" time="4.531" classname="restapi.Getrequest"/>
</testsuite> <!-- restapi.Getrequest -->
