<?xml version="1.0" encoding="UTF-8"?>
<!-- Generated by org.testng.reporters.JUnitReportReporter -->
<testsuite skipped="0" hostname="DESKTOP-MJ3ICVM" name="org.test.Frames" tests="1" failures="0" timestamp="10 May 2023 11:58:26 GMT" time="18.364" errors="0">
  <testcase name="Test1" time="18.364" classname="org.test.Frames"/>
</testsuite> <!-- org.test.Frames -->
