<?xml version="1.0" encoding="UTF-8"?>
<!-- Generated by org.testng.reporters.JUnitReportReporter -->
<testsuite skipped="0" hostname="DESKTOP-MJ3ICVM" name="org.Newtest.Testfacebooklogin" tests="1" failures="0" timestamp="26 Mar 2023 09:33:12 GMT" time="0.336" errors="0">
  <testcase name="loginoperation" time="0.336" classname="org.Newtest.Testfacebooklogin"/>
</testsuite> <!-- org.Newtest.Testfacebooklogin -->
