<?xml version="1.0" encoding="UTF-8"?>
<!-- Generated by org.testng.reporters.JUnitReportReporter -->
<testsuite skipped="0" hostname="DESKTOP-MJ3ICVM" name="org.redbus.Governmentbus" tests="1" failures="0" timestamp="14 Feb 2023 03:59:05 GMT" time="15.030" errors="0">
  <testcase name="One" time="15.030" classname="org.redbus.Governmentbus"/>
</testsuite> <!-- org.redbus.Governmentbus -->
